<?xml version="1.0" encoding="UTF-8"?>
<testsuite xmlns:xsi="http://www.w3.org/2001/XMLSchema-instance" xsi:noNamespaceSchemaLocation="https://maven.apache.org/surefire/maven-surefire-plugin/xsd/surefire-test-report-3.0.xsd" version="3.0" name="com.example.notificationService.NotificationServiceApplicationTests" time="1.992" tests="1" errors="0" skipped="0" failures="0">
  <properties>
[...]
</properties>
  <testcase name="contextLoads" classname="com.example.notificationService.NotificationServiceApplicationTests" time="0.276">
    <system-out><![CDATA[15:05:38.514 [main] INFO org.springframework.test.context.support.AnnotationConfigContextLoaderUtils -- Could not detect default configuration classes for test class [com.example.notificationService.NotificationServiceApplicationTests]: NotificationServiceApplicationTests does not declare any static, non-private, non-final, nested classes annotated with @Configuration.
15:05:38.545 [main] INFO org.springframework.boot.test.context.SpringBootTestContextBootstrapper -- Found @SpringBootConfiguration com.example.notificationService.NotificationServiceApplication for test class com.example.notificationService.NotificationServiceApplicationTests
15:05:38.594 [main] INFO org.springframework.boot.devtools.restart.RestartApplicationListener -- Restart disabled due to context in which it is running

  .   ____          _            __ _ _
 /\\ / ___'_ __ _ _(_)_ __  __ _ \ \ \ \
( ( )\___ | '_ | '_| | '_ \/ _` | \ \ \ \
 \\/  ___)| |_)| | | | | || (_| |  ) ) ) )
  '  |____| .__|_| |_|_| |_\__, | / / / /
 =========|_|==============|___/=/_/_/_/

 :: Spring Boot ::                (v3.3.3)

2024-08-30T15:05:38.710+05:30  INFO 73851 --- [notificationService] [           main] .e.n.NotificationServiceApplicationTests : Starting NotificationServiceApplicationTests using Java 22.0.2 with PID 73851 (started by aniketh.anchalia in /Users/aniketh.anchalia/Desktop/cricbear/notificationService)
2024-08-30T15:05:38.710+05:30  INFO 73851 --- [notificationService] [           main] .e.n.NotificationServiceApplicationTests : No active profile set, falling back to 1 default profile: "default"
2024-08-30T15:05:38.946+05:30  INFO 73851 --- [notificationService] [           main] .s.d.r.c.RepositoryConfigurationDelegate : Bootstrapping Spring Data JPA repositories in DEFAULT mode.
2024-08-30T15:05:39.004+05:30  INFO 73851 --- [notificationService] [           main] .s.d.r.c.RepositoryConfigurationDelegate : Finished Spring Data repository scanning in 54 ms. Found 1 JPA repository interface.
2024-08-30T15:05:39.101+05:30  INFO 73851 --- [notificationService] [           main] o.s.cloud.context.scope.GenericScope     : BeanFactory id=899cf776-8988-3ead-be5e-ab85075d8772
2024-08-30T15:05:39.151+05:30  WARN 73851 --- [notificationService] [           main] trationDelegate$BeanPostProcessorChecker : Bean 'org.springframework.cloud.client.loadbalancer.LoadBalancerAutoConfiguration$DeferringLoadBalancerInterceptorConfig' of type [org.springframework.cloud.client.loadbalancer.LoadBalancerAutoConfiguration$DeferringLoadBalancerInterceptorConfig] is not eligible for getting processed by all BeanPostProcessors (for example: not eligible for auto-proxying). The currently created BeanPostProcessor [lbRestClientPostProcessor] is declared through a non-static factory method on that class; consider declaring it as static instead.
2024-08-30T15:05:39.151+05:30  WARN 73851 --- [notificationService] [           main] trationDelegate$BeanPostProcessorChecker : Bean 'deferringLoadBalancerInterceptor' of type [org.springframework.cloud.client.loadbalancer.DeferringLoadBalancerInterceptor] is not eligible for getting processed by all BeanPostProcessors (for example: not eligible for auto-proxying). Is this bean getting eagerly injected into a currently created BeanPostProcessor [lbRestClientPostProcessor]? Check the corresponding BeanPostProcessor declaration and its dependencies.
2024-08-30T15:05:39.152+05:30  WARN 73851 --- [notificationService] [           main] trationDelegate$BeanPostProcessorChecker : Bean 'org.springframework.cloud.client.loadbalancer.reactive.LoadBalancerBeanPostProcessorAutoConfiguration' of type [org.springframework.cloud.client.loadbalancer.reactive.LoadBalancerBeanPostProcessorAutoConfiguration] is not eligible for getting processed by all BeanPostProcessors (for example: not eligible for auto-proxying). The currently created BeanPostProcessor [loadBalancerWebClientBuilderBeanPostProcessor] is declared through a non-static factory method on that class; consider declaring it as static instead.
2024-08-30T15:05:39.153+05:30  WARN 73851 --- [notificationService] [           main] trationDelegate$BeanPostProcessorChecker : Bean 'org.springframework.cloud.client.loadbalancer.reactive.LoadBalancerBeanPostProcessorAutoConfiguration$ReactorDeferringLoadBalancerFilterConfig' of type [org.springframework.cloud.client.loadbalancer.reactive.LoadBalancerBeanPostProcessorAutoConfiguration$ReactorDeferringLoadBalancerFilterConfig] is not eligible for getting processed by all BeanPostProcessors (for example: not eligible for auto-proxying). Is this bean getting eagerly injected into a currently created BeanPostProcessor [loadBalancerWebClientBuilderBeanPostProcessor]? Check the corresponding BeanPostProcessor declaration and its dependencies.
2024-08-30T15:05:39.153+05:30  WARN 73851 --- [notificationService] [           main] trationDelegate$BeanPostProcessorChecker : Bean 'reactorDeferringLoadBalancerExchangeFilterFunction' of type [org.springframework.cloud.client.loadbalancer.reactive.DeferringLoadBalancerExchangeFilterFunction] is not eligible for getting processed by all BeanPostProcessors (for example: not eligible for auto-proxying). Is this bean getting eagerly injected into a currently created BeanPostProcessor [loadBalancerWebClientBuilderBeanPostProcessor]? Check the corresponding BeanPostProcessor declaration and its dependencies.
2024-08-30T15:05:39.204+05:30  INFO 73851 --- [notificationService] [           main] o.hibernate.jpa.internal.util.LogHelper  : HHH000204: Processing PersistenceUnitInfo [name: default]
2024-08-30T15:05:39.219+05:30  INFO 73851 --- [notificationService] [           main] org.hibernate.Version                    : HHH000412: Hibernate ORM core version 6.5.2.Final
2024-08-30T15:05:39.229+05:30  INFO 73851 --- [notificationService] [           main] o.h.c.internal.RegionFactoryInitiator    : HHH000026: Second-level cache disabled
2024-08-30T15:05:39.335+05:30  INFO 73851 --- [notificationService] [           main] o.s.o.j.p.SpringPersistenceUnitInfo      : No LoadTimeWeaver setup: ignoring JPA class transformer
2024-08-30T15:05:39.342+05:30  INFO 73851 --- [notificationService] [           main] com.zaxxer.hikari.HikariDataSource       : HikariPool-1 - Starting...
2024-08-30T15:05:39.481+05:30  INFO 73851 --- [notificationService] [           main] com.zaxxer.hikari.pool.HikariPool        : HikariPool-1 - Added connection com.mysql.cj.jdbc.ConnectionImpl@6774f264
2024-08-30T15:05:39.482+05:30  INFO 73851 --- [notificationService] [           main] com.zaxxer.hikari.HikariDataSource       : HikariPool-1 - Start completed.
2024-08-30T15:05:39.505+05:30  WARN 73851 --- [notificationService] [           main] org.hibernate.orm.deprecation            : HHH90000025: MySQLDialect does not need to be specified explicitly using 'hibernate.dialect' (remove the property setting and it will be selected by default)
2024-08-30T15:05:39.765+05:30  INFO 73851 --- [notificationService] [           main] o.h.e.t.j.p.i.JtaPlatformInitiator       : HHH000489: No JTA platform available (set 'hibernate.transaction.jta.platform' to enable JTA platform integration)
2024-08-30T15:05:39.785+05:30  INFO 73851 --- [notificationService] [           main] j.LocalContainerEntityManagerFactoryBean : Initialized JPA EntityManagerFactory for persistence unit 'default'
2024-08-30T15:05:39.959+05:30  WARN 73851 --- [notificationService] [           main] JpaBaseConfiguration$JpaWebConfiguration : spring.jpa.open-in-view is enabled by default. Therefore, database queries may be performed during view rendering. Explicitly configure spring.jpa.open-in-view to disable this warning
2024-08-30T15:05:40.102+05:30  INFO 73851 --- [notificationService] [           main] DiscoveryClientOptionalArgsConfiguration : Eureka HTTP Client uses RestTemplate.
2024-08-30T15:05:40.120+05:30  WARN 73851 --- [notificationService] [           main] iguration$LoadBalancerCaffeineWarnLogger : Spring Cloud LoadBalancer is currently working with the default cache. While this cache implementation is useful for development and tests, it's recommended to use Caffeine cache in production.You can switch to using Caffeine cache, by adding it and org.springframework.cache.caffeine.CaffeineCacheManager to the classpath.
2024-08-30T15:05:40.141+05:30  INFO 73851 --- [notificationService] [           main] o.s.c.n.eureka.InstanceInfoFactory       : Setting initial instance status as: STARTING
2024-08-30T15:05:40.150+05:30  INFO 73851 --- [notificationService] [           main] com.netflix.discovery.DiscoveryClient    : Initializing Eureka in region us-east-1
2024-08-30T15:05:40.152+05:30  INFO 73851 --- [notificationService] [           main] c.n.d.s.r.aws.ConfigClusterResolver      : Resolving eureka endpoints via configuration
2024-08-30T15:05:40.155+05:30  INFO 73851 --- [notificationService] [           main] com.netflix.discovery.DiscoveryClient    : Starting heartbeat executor: renew interval is: 30
2024-08-30T15:05:40.156+05:30  INFO 73851 --- [notificationService] [           main] c.n.discovery.InstanceInfoReplicator     : InstanceInfoReplicator onDemand update allowed rate per min is 4
2024-08-30T15:05:40.156+05:30  INFO 73851 --- [notificationService] [           main] com.netflix.discovery.DiscoveryClient    : Discovery Client initialized at timestamp 1725010540156 with initial instances count: 0
2024-08-30T15:05:40.158+05:30  INFO 73851 --- [notificationService] [           main] o.s.c.n.e.s.EurekaServiceRegistry        : Registering application NOTIFICATIONSERVICE with eureka with status UP
2024-08-30T15:05:40.158+05:30  INFO 73851 --- [notificationService] [           main] com.netflix.discovery.DiscoveryClient    : Saw local status change event StatusChangeEvent [timestamp=1725010540158, current=UP, previous=STARTING]
2024-08-30T15:05:40.158+05:30  INFO 73851 --- [notificationService] [foReplicator-%d] com.netflix.discovery.DiscoveryClient    : DiscoveryClient_NOTIFICATIONSERVICE/10.34.20.44:notificationService:8081: registering service...
2024-08-30T15:05:40.163+05:30  INFO 73851 --- [notificationService] [           main] .e.n.NotificationServiceApplicationTests : Started NotificationServiceApplicationTests in 1.574 seconds (process running for 1.93)
2024-08-30T15:05:40.273+05:30  INFO 73851 --- [notificationService] [foReplicator-%d] com.netflix.discovery.DiscoveryClient    : DiscoveryClient_NOTIFICATIONSERVICE/10.34.20.44:notificationService:8081 - registration status: 204
]]></system-out>
    <system-err><![CDATA[WARNING: A Java agent has been loaded dynamically (/Users/aniketh.anchalia/.m2/repository/net/bytebuddy/byte-buddy-agent/1.14.19/byte-buddy-agent-1.14.19.jar)
WARNING: If a serviceability tool is in use, please run with -XX:+EnableDynamicAgentLoading to hide this warning
WARNING: If a serviceability tool is not in use, please run with -Djdk.instrument.traceUsage for more information
WARNING: Dynamic loading of agents will be disallowed by default in a future release
]]></system-err>
  </testcase>
</testsuite>